2023-09-11 08:26:45 [http-nio-8080-exec-9] ERROR c.i.n.controller.ArticleController - java.util.NoSuchElementException: No value present
2023-09-11 08:32:32 [restartedMain] ERROR o.s.boot.SpringApplication - Application run failed
java.lang.NoClassDefFoundError: com/intern/newspaper_api/service/ICategoryService
	at java.base/java.lang.Class.getDeclaredConstructors0(Native Method)
	at java.base/java.lang.Class.privateGetDeclaredConstructors(Class.java:3429)
	at java.base/java.lang.Class.getDeclaredConstructors(Class.java:2608)
	at org.springframework.boot.BeanDefinitionLoader.hasNoConstructors(BeanDefinitionLoader.java:293)
	at org.springframework.boot.BeanDefinitionLoader.isEligible(BeanDefinitionLoader.java:285)
	at org.springframework.boot.BeanDefinitionLoader.load(BeanDefinitionLoader.java:160)
	at org.springframework.boot.BeanDefinitionLoader.load(BeanDefinitionLoader.java:136)
	at org.springframework.boot.BeanDefinitionLoader.load(BeanDefinitionLoader.java:129)
	at org.springframework.boot.SpringApplication.load(SpringApplication.java:679)
	at org.springframework.boot.SpringApplication.prepareContext(SpringApplication.java:414)
	at org.springframework.boot.SpringApplication.run(SpringApplication.java:311)
	at org.springframework.boot.SpringApplication.run(SpringApplication.java:1306)
	at org.springframework.boot.SpringApplication.run(SpringApplication.java:1295)
	at com.intern.newspaper_api.NewspaperApiApplication.main(NewspaperApiApplication.java:28)
	at java.base/jdk.internal.reflect.DirectMethodHandleAccessor.invoke(DirectMethodHandleAccessor.java:104)
	at java.base/java.lang.reflect.Method.invoke(Method.java:578)
	at org.springframework.boot.devtools.restart.RestartLauncher.run(RestartLauncher.java:50)
Caused by: java.lang.ClassNotFoundException: com.intern.newspaper_api.service.ICategoryService
	at java.base/jdk.internal.loader.BuiltinClassLoader.loadClass(BuiltinClassLoader.java:641)
	at java.base/jdk.internal.loader.ClassLoaders$AppClassLoader.loadClass(ClassLoaders.java:188)
	at java.base/java.lang.ClassLoader.loadClass(ClassLoader.java:521)
	... 17 common frames omitted
2023-09-11 08:32:41 [restartedMain] ERROR o.s.b.d.LoggingFailureAnalysisReporter - 

***************************
APPLICATION FAILED TO START
***************************

Description:

Parameter 0 of constructor in com.intern.newspaper_api.NewspaperApiApplication required a bean of type 'com.intern.newspaper_api.service.ICategoryService' that could not be found.


Action:

Consider defining a bean of type 'com.intern.newspaper_api.service.ICategoryService' in your configuration.

2023-09-11 08:32:44 [restartedMain] ERROR o.s.b.d.LoggingFailureAnalysisReporter - 

***************************
APPLICATION FAILED TO START
***************************

Description:

Parameter 0 of constructor in com.intern.newspaper_api.NewspaperApiApplication required a bean of type 'com.intern.newspaper_api.service.ICategoryService' that could not be found.


Action:

Consider defining a bean of type 'com.intern.newspaper_api.service.ICategoryService' in your configuration.

2023-09-11 08:33:12 [restartedMain] ERROR o.s.b.d.LoggingFailureAnalysisReporter - 

***************************
APPLICATION FAILED TO START
***************************

Description:

Parameter 0 of constructor in com.intern.newspaper_api.NewspaperApiApplication required a bean of type 'com.intern.newspaper_api.service.ICategoryService' that could not be found.


Action:

Consider defining a bean of type 'com.intern.newspaper_api.service.ICategoryService' in your configuration.

2023-09-11 08:33:19 [restartedMain] ERROR o.s.b.d.LoggingFailureAnalysisReporter - 

***************************
APPLICATION FAILED TO START
***************************

Description:

Parameter 0 of constructor in com.intern.newspaper_api.NewspaperApiApplication required a bean of type 'com.intern.newspaper_api.service.ICategoryService' that could not be found.


Action:

Consider defining a bean of type 'com.intern.newspaper_api.service.ICategoryService' in your configuration.

2023-09-11 08:33:36 [restartedMain] ERROR o.s.b.d.LoggingFailureAnalysisReporter - 

***************************
APPLICATION FAILED TO START
***************************

Description:

Parameter 0 of constructor in com.intern.newspaper_api.NewspaperApiApplication required a bean of type 'com.intern.newspaper_api.service.ICategoryService' that could not be found.


Action:

Consider defining a bean of type 'com.intern.newspaper_api.service.ICategoryService' in your configuration.

2023-09-11 08:34:10 [restartedMain] ERROR o.s.b.d.LoggingFailureAnalysisReporter - 

***************************
APPLICATION FAILED TO START
***************************

Description:

Parameter 0 of constructor in com.intern.newspaper_api.NewspaperApiApplication required a bean of type 'com.intern.newspaper_api.service.ICategoryService' that could not be found.


Action:

Consider defining a bean of type 'com.intern.newspaper_api.service.ICategoryService' in your configuration.

2023-09-11 08:34:51 [restartedMain] ERROR o.s.b.d.LoggingFailureAnalysisReporter - 

***************************
APPLICATION FAILED TO START
***************************

Description:

Parameter 0 of constructor in com.intern.newspaper_api.NewspaperApiApplication required a bean of type 'com.intern.newspaper_api.service.ICategoryService' that could not be found.


Action:

Consider defining a bean of type 'com.intern.newspaper_api.service.ICategoryService' in your configuration.

2023-09-11 08:37:38 [restartedMain] ERROR o.s.b.d.LoggingFailureAnalysisReporter - 

***************************
APPLICATION FAILED TO START
***************************

Description:

Parameter 0 of constructor in com.intern.newspaper_api.NewspaperApiApplication required a bean of type 'com.intern.newspaper_api.service.ICategoryService' that could not be found.


Action:

Consider defining a bean of type 'com.intern.newspaper_api.service.ICategoryService' in your configuration.

2023-09-11 08:37:58 [restartedMain] ERROR o.s.b.d.LoggingFailureAnalysisReporter - 

***************************
APPLICATION FAILED TO START
***************************

Description:

Parameter 0 of constructor in com.intern.newspaper_api.NewspaperApiApplication required a bean of type 'com.intern.newspaper_api.service.ICategoryService' that could not be found.


Action:

Consider defining a bean of type 'com.intern.newspaper_api.service.ICategoryService' in your configuration.

2023-09-11 09:48:38 [restartedMain] ERROR o.s.b.d.LoggingFailureAnalysisReporter - 

***************************
APPLICATION FAILED TO START
***************************

Description:

Parameter 0 of constructor in com.intern.newspaper_api.NewspaperApiApplication required a bean of type 'com.intern.newspaper_api.service.ICategoryService' that could not be found.


Action:

Consider defining a bean of type 'com.intern.newspaper_api.service.ICategoryService' in your configuration.

2023-09-11 09:50:32 [restartedMain] ERROR o.s.b.d.LoggingFailureAnalysisReporter - 

***************************
APPLICATION FAILED TO START
***************************

Description:

Parameter 0 of constructor in com.intern.newspaper_api.NewspaperApiApplication required a bean of type 'com.intern.newspaper_api.service.ICategoryService' that could not be found.


Action:

Consider defining a bean of type 'com.intern.newspaper_api.service.ICategoryService' in your configuration.

2023-09-11 09:50:54 [restartedMain] ERROR o.s.b.d.LoggingFailureAnalysisReporter - 

***************************
APPLICATION FAILED TO START
***************************

Description:

Parameter 0 of constructor in com.intern.newspaper_api.NewspaperApiApplication required a bean of type 'com.intern.newspaper_api.service.ICategoryService' that could not be found.


Action:

Consider defining a bean of type 'com.intern.newspaper_api.service.ICategoryService' in your configuration.

2023-09-11 09:51:10 [restartedMain] ERROR o.s.b.d.LoggingFailureAnalysisReporter - 

***************************
APPLICATION FAILED TO START
***************************

Description:

Parameter 0 of constructor in com.intern.newspaper_api.NewspaperApiApplication required a bean of type 'com.intern.newspaper_api.service.ICategoryService' that could not be found.


Action:

Consider defining a bean of type 'com.intern.newspaper_api.service.ICategoryService' in your configuration.

2023-09-11 09:54:51 [restartedMain] ERROR o.s.b.d.LoggingFailureAnalysisReporter - 

***************************
APPLICATION FAILED TO START
***************************

Description:

Parameter 0 of constructor in com.intern.newspaper_api.NewspaperApiApplication required a bean of type 'com.intern.newspaper_api.service.ICategoryService' that could not be found.


Action:

Consider defining a bean of type 'com.intern.newspaper_api.service.ICategoryService' in your configuration.

2023-09-11 09:56:33 [restartedMain] ERROR o.s.b.d.LoggingFailureAnalysisReporter - 

***************************
APPLICATION FAILED TO START
***************************

Description:

Parameter 0 of constructor in com.intern.newspaper_api.NewspaperApiApplication required a bean of type 'com.intern.newspaper_api.service.ICategoryService' that could not be found.


Action:

Consider defining a bean of type 'com.intern.newspaper_api.service.ICategoryService' in your configuration.

2023-09-11 10:16:57 [restartedMain] ERROR o.s.b.d.LoggingFailureAnalysisReporter - 

***************************
APPLICATION FAILED TO START
***************************

Description:

Web server failed to start. Port 8080 was already in use.

Action:

Identify and stop the process that's listening on port 8080 or configure this application to listen on another port.

2023-09-11 10:23:07 [restartedMain] ERROR o.h.e.jdbc.spi.SqlExceptionHelper - ERROR: prepared statement "S_1" already exists
2023-09-11 10:23:07 [restartedMain] ERROR c.i.n.provider.DataCrawler - org.springframework.dao.InvalidDataAccessResourceUsageException: JDBC exception executing SQL [select c1_0."id",c1_0."name",c1_0."slug",c1_0."url" from "category" c1_0 where c1_0."slug"=?] [ERROR: prepared statement "S_1" already exists] [n/a]; SQL [n/a]
2023-09-11 10:23:07 [restartedMain] ERROR o.h.e.jdbc.spi.SqlExceptionHelper - ERROR: prepared statement "S_2" already exists
2023-09-11 10:23:07 [restartedMain] ERROR c.i.n.provider.DataCrawler - org.springframework.dao.InvalidDataAccessResourceUsageException: JDBC exception executing SQL [select a1_0."id" from "article" a1_0 where a1_0."slug"=? fetch first ? rows only] [ERROR: prepared statement "S_2" already exists] [n/a]; SQL [n/a]
